<?xml version="1.0" encoding="UTF-8"?>
<testng-results ignored="0" total="1" passed="1" failed="0" skipped="0">
  <reporter-output>
  </reporter-output>
  <suite started-at="2022-05-19T10:19:18 IST" name="Default suite" finished-at="2022-05-19T10:19:23 IST" duration-ms="4965">
    <groups>
    </groups>
    <test started-at="2022-05-19T10:19:18 IST" name="Default test" finished-at="2022-05-19T10:19:23 IST" duration-ms="4965">
      <class name="RestAssuredAPI.TC001_GET_Request">
        <test-method signature="getEmployeeDetails()[pri:0, instance:RestAssuredAPI.TC001_GET_Request@771a660]" started-at="2022-05-19T10:19:18 IST" name="getEmployeeDetails" finished-at="2022-05-19T10:19:23 IST" duration-ms="4869" status="PASS">
          <reporter-output>
          </reporter-output>
        </test-method> <!-- getEmployeeDetails -->
      </class> <!-- RestAssuredAPI.TC001_GET_Request -->
    </test> <!-- Default test -->
  </suite> <!-- Default suite -->
</testng-results>
